(fn:0x10018b0,0x10018df,"0x10018b0")
(fn:0x10018df,0x100195b,"0x10018df")
(fn:0x100195b,0x100199a,"0x100195b")
(fn:0x1001b05,0x1001b4a,"0x1001b05")
(fn:0x1001b4a,0x1001b9a,"0x1001b4a")
(fn:0x1001b9a,0x1001c51,"0x1001b9a")
(fn:0x1001c51,0x1001c5b,"pfnWinEventProc")
(fn:0x1001c5b,0x1001d66,"0x1001c5b")
(fn:0x1001d66,0x1001da4,"0x1001d66")
(fn:0x1001da4,0x1001eef,"0x1001da4")
(fn:0x1001eef,0x1001f55,"0x1001eef")
(fn:0x1001f55,0x1001fce,"0x1001f55")
(fn:0x1001fce,0x1002048,"0x1001fce")
(fn:0x1002048,0x1002168,"0x1002048")
(fn:0x1002168,0x1002317,"DialogFunc")
(fn:0x1002317,0x100237a,"0x1002317")
(fn:0x100237a,0x10025fd,"0x100237a")
(fn:0x10025fd,0x1002801,"0x10025fd")
(fn:0x1002801,0x1002919,"0x1002801")
(fn:0x1002919,0x1003097,"0x1002919")
(fn:0x1003097,0x10030ee,"0x1003097")
(fn:0x10030ee,0x1003134,"0x10030ee")
(fn:0x1003134,0x100363e,"0x1003134")
(fn:0x100363e,0x100365a,"0x100363e")
(fn:0x100365a,0x1003682,"0x100365a")
(fn:0x1003682,0x10036d0,"0x1003682")
(fn:0x10036d0,0x1003720,"0x10036d0")
(fn:0x1003720,0x1003972,"0x1003720")
(fn:0x1003972,0x1003c15,"0x1003972")
(fn:0x1003c15,0x1003c5b,"0x1003c15")
(fn:0x1003c5b,0x1003cf2,"0x1003c5b")
(fn:0x1003cf2,0x1003d57,"0x1003cf2")
(fn:0x1003d57,0x1003e0f,"0x1003d57")
(fn:0x1003e0f,0x1003e29,"0x1003e0f")
(fn:0x1003e29,0x1003f7f,"0x1003e29")
(fn:0x1003f7f,0x10040d7,"0x1003f7f")
(fn:0x10040d7,0x1004130,"0x10040d7")
(fn:0x1004130,0x1004143,"0x1004130")
(fn:0x1004143,0x10041ca,"0x1004143")
(fn:0x10041ca,0x1004796,"0x10041ca")
(fn:0x1004796,0x10047c2,"0x1004796")
(fn:0x10047c2,0x100486d,"0x10047c2")
(fn:0x100486d,0x10048c8,"0x100486d")
(fn:0x10048c8,0x1004917,"0x10048c8")
(fn:0x1004917,0x10049db,"0x1004917")
(fn:0x10049db,0x1004a24,"0x10049db")
(fn:0x1004a24,0x1004a98,"0x1004a24")
(fn:0x1004a98,0x1004d75,"0x1004a98")
(fn:0x1004d75,0x1005303,"0x1004d75")
(fn:0x1005303,0x10053a9,"0x1005303")
(fn:0x10053a9,0x1005438,"0x10053a9")
(fn:0x1005438,0x1005626,"0x1005438")
(fn:0x1005626,0x10058a2,"0x1005626")
(fn:0x10058a2,0x1005904,"0x10058a2")
(fn:0x1005904,0x100595b,"0x1005904")
(fn:0x100595b,0x1005a23,"0x100595b")
(fn:0x1005a23,0x1005a45,"0x1005a23")
(fn:0x1005a45,0x1005b6c,"0x1005a45")
(fn:0x1005b6c,0x1005e90,"0x1005b6c")
(fn:0x1005e90,0x1005f56,"0x1005e90")
(fn:0x1005f56,0x1006027,"0x1005f56")
(fn:0x10060ac,0x10061c9,"0x10060ac")
(fn:0x10061c9,0x1006749,"0x10061c9")
(fn:0x1006749,0x1006793,"0x1006749")
(fn:0x1006793,0x1006841,"0x1006793")
(fn:0x1006841,0x100696a,"0x1006841")
(fn:0x100696a,0x10069ba,"0x100696a")
(fn:0x10069ba,0x10069d6,"0x10069ba")
(fn:0x10069d6,0x1006a6f,"0x10069d6")
(fn:0x1006a6f,0x1006ace,"0x1006a6f")
(fn:0x1006ace,0x1006ad4,"ClosePrinter")
(fn:0x1006ad4,0x1006ada,"GetPrinterDriverW")
(fn:0x1006ada,0x1006ae0,"OpenPrinterW")
(fn:0x1006ae0,0x1006ca6,"start")
(fn:0x1006ca8,0x1006ce1,"0x1006ca8")
(fn:0x1006ce1,0x1006cf2,"0x1006ce1")
(fn:0x1006cf2,0x1006cf8,"_XcptFilter")
(fn:0x1006cf8,0x1006cfe,"_initterm")
(fn:0x1006cfe,0x1006d10,"0x1006cfe")
(fn:0x1006d10,0x1006d13,"0x1006d10")
(fn:0x1006d1a,0x1006d20,"_controlfp")
(fn:0x77e7b091,0x77e7b491,"kernel32:CreateFileW")
(fn:0x77e7ab4e,0x77e7af4e,"kernel32:ReadFile")
(fn:0x77e7f13a,0x77e7f53a,"kernel32:WriteFile")
(fn:0x77e7a6f0,0x77e7aaf0,"kernel32:CloseHandle")
(fn:0x77e6e2af,0x77e6e6af,"kernel32:GetFileInformationByHandle")
(fn:0x77e7a47f,0x77e7a87f,"kernel32:CreateFileMappingW")
(fn:0x77e761aa,0x77e765aa,"kernel32:MapViewOfFile")
(fn:0x77e7a7fc,0x77e7abfc,"kernel32:MultiByteToWideChar")
(fn:0x77e768fa,0x77e76cfa,"kernel32:UnmapViewOfFile")
(fn:0x77e7b08b,0x77e7b48b,"kernel32:GetACP")
(fn:0x77e71660,0x77e71a60,"kernel32:DeleteFileW")
(fn:0x77e6c626,0x77e6ca26,"kernel32:SetEndOfFile")
(fn:0x77e73ab2,0x77e73eb2,"kernel32:GetUserDefaultLangID")
(fn:0x77e7825b,0x77e7865b,"kernel32:FormatMessageW")
(fn:0x77e78fbf,0x77e793bf,"kernel32:GetTimeFormatW")
(fn:0x77e78ad1,0x77e78ed1,"kernel32:GetDateFormatW")
(fn:0x77e76782,0x77e76b82,"kernel32:GetUserDefaultLCID")
(fn:0x77e75a68,0x77e75e68,"kernel32:GetLocalTime")
(fn:0x77e6177e,0x77e61b7e,"kernel32:GetStartupInfoA")
(fn:0x77e75305,0x77e75705,"kernel32:lstrcatW")
(fn:0x77e7ee9d,0x77e7f29d,"kernel32:FindClose")
(fn:0x77e7eb62,0x77e7ef62,"kernel32:FindFirstFileW")
(fn:0x77e7e6bd,0x77e7eabd,"kernel32:GetFileAttributesW")
(fn:0x77e73af7,0x77e73ef7,"kernel32:lstrcpyW")
(fn:0x77e7f1cc,0x77e7f5cc,"kernel32:lstrcmpW")
(fn:0x77e7e197,0x77e7e597,"kernel32:lstrlenW")
(fn:0x77e7d995,0x77e7dd95,"kernel32:CompareStringW")
(fn:0x77e95598,0x77e95998,"kernel32:FoldStringW")
(fn:0x77e7e1c7,0x77e7e5c7,"kernel32:lstrcmpiW")
(fn:0x77e768e9,0x77e76ce9,"kernel32:GetCurrentProcessId")
(fn:0x77e7259d,0x77e7299d,"kernel32:lstrcpynW")
(fn:0x77e6ddc5,0x77e6e1c5,"kernel32:LocalSize")
(fn:0x77e7a949,0x77e7ad49,"kernel32:WideCharToMultiByte")
(fn:0x77e7ad86,0x77e7b186,"kernel32:GetModuleHandleA")
(call:0x1006ae0,0x77e814c7,2912)
(call:0x1006ca8,0x1006aec,2912)
(call:0x77e7ad86,0x1006af7,2912)
(call:0x1006cfe,0x1006ba9,2912)
(call:0x1006d1a,0x1006d0d,2912)
(call:0x1006cf8,0x1006bb8,2912)
(call:0x1006cf8,0x1006bee,2912)
(call:0x77e6177e,0x1006c2e,2912)
(call:0x77e7ad86,0x1006c4e,2912)
(call:0x1002801,0x1006c54,2912)
(call:0x77e768e9,0x5ad79f43,2912)
(call:0x77e73af7,0x5ad7a125,2912)
(call:0x77e73af7,0x5ad7a6f1,2912)
(call:0x77e761aa,0x5ad7aca8,2912)
(call:0x77e7e197,0x5ad75f6f,2912)
(call:0x77e73af7,0x5ad75f91,2912)
(call:0x77e7e197,0x5ad75f6f,2912)
(call:0x77e73af7,0x5ad75f91,2912)
(call:0x1001b4a,0x100283d,2912)
(call:0x10041ca,0x1002849,2912)
(call:0x1003d57,0x1004214,2912)
(call:0x1003cf2,0x7d0db0,2912)
(call:0x77e6ddc5,0x1003d87,2912)
(call:0x77e7259d,0x1003dd0,2912)
(call:0x77e7259d,0x1003ddf,2912)
(call:0x1004143,0x100427c,2912)
(call:0x10018df,0x10042ab,2912)
(call:0x77e76782,0x77e77526,2912)
(call:0x1003972,0x10042b0,2912)
(call:0x1003682,0x10039c6,2912)
(call:0x1003682,0x10039db,2912)
(call:0x1003682,0x10039f0,2912)
(call:0x1003682,0x1003a07,2912)
(call:0x1003682,0x1003a1e,2912)
(call:0x1003682,0x1003a35,2912)
(call:0x1003682,0x1003a4c,2912)
(call:0x1003682,0x1003a63,2912)
(call:0x1003682,0x1003a7a,2912)
(call:0x1003682,0x1003a91,2912)
(call:0x1003682,0x1003aa8,2912)
(call:0x10036d0,0x1003ac6,2912)
(call:0x1003682,0x1003ad5,2912)
(call:0x1003682,0x1003ae8,2912)
(call:0x1003682,0x1003afb,2912)
(call:0x1003682,0x1003b0e,2912)
(call:0x10036d0,0x1003b29,2912)
(call:0x10036d0,0x1003b3f,2912)
(call:0x1003682,0x1003b52,2912)
(call:0x1003682,0x1003b6a,2912)
(call:0x1003682,0x1003b82,2912)
(call:0x1003682,0x1003b9a,2912)
(call:0x1003682,0x1003bb2,2912)
(call:0x1003682,0x1003bc5,2912)
(call:0x1003682,0x1003bd8,2912)
(call:0x1003682,0x1003beb,2912)
(call:0x1003682,0x1003bfe,2912)
(call:0x77e7a949,0xbb1f6e,2912)
(call:0x77e7a949,0xbb1f90,2912)
(call:0x77e6177e,0xbb1a27,2912)
(call:0x77e7b08b,0xbb2a03,2912)
(call:0x77e7a7fc,0xbb4a62,2912)
(call:0x77e7a7fc,0xbb4ab8,2912)
(call:0x77e7a7fc,0xbb482d,2912)
(call:0x77e7a7fc,0xbb4885,2912)
(call:0x77e7a949,0xbb495b,2912)
(call:0x77e7a7fc,0xbb482d,2912)
(call:0x77e7a7fc,0xbb4885,2912)
(call:0x77e7a949,0xbb495b,2912)
(call:0x77e7a47f,0x77e7a596,2912)
(call:0x77e761aa,0xbb102f,2912)
(call:0x77e768fa,0xbb103b,2912)
(call:0x77e7a6f0,0xbb1046,2912)
(call:0x77e7ad86,0x74721bfc,2912)
(call:0x77e7b08b,0x74721723,2912)
(call:0x77e7ad86,0x74721bfc,2912)
(call:0x77e7a949,0x77df1812,2912)
(call:0x77e7a949,0x77df183d,2912)
(call:0x77e7a6f0,0x74721d33,2912)
(call:0x77e7a47f,0x77e7a596,2912)
(call:0x77e761aa,0x74722757,2912)
(call:0x77e7d995,0x77e75dbd,2912)
(call:0x77e7b08b,0x74721723,2912)
(call:0x77e7ad86,0x74721bfc,2912)
(call:0x77e7a949,0x77e7735e,2912)
(call:0x77e768e9,0x7472a797,2912)
(call:0x77e761aa,0x7474c4d1,2912)
(call:0x77e768e9,0x7474d139,2912)
(call:0x1003134,0x77d43a50,2912)
(call:0x1003134,0x77d43a50,2912)
(call:0x77e7a47f,0x77e7a596,2912)
(call:0x77e761aa,0xbb102f,2912)
(call:0x77e768fa,0xbb103b,2912)
(call:0x77e7a6f0,0xbb1046,2912)
(call:0x77e7b091,0x77e6e4f4,2912)
(call:0x77e7a47f,0x77e6e50b,2912)
(call:0x77e7a6f0,0x77e6e514,2912)
(call:0x77e7a6f0,0x77e6e535,2912)
(call:0x77e7b091,0x77e6e4f4,2912)
(call:0x77e7a47f,0x77e6e50b,2912)
(call:0x77e7a6f0,0x77e6e514,2912)
(call:0x77e7a6f0,0x77e6e535,2912)
(call:0x77e7e197,0x77c011e4,2912)
(call:0x77e73af7,0x77c01208,2912)
(call:0x77e7e197,0x77c011e4,2912)
(call:0x77e73af7,0x77c01208,2912)
(call:0x77e7e197,0x77c011e4,2912)
(call:0x77e73af7,0x77c01208,2912)
(call:0x77e7e197,0x77c011e4,2912)
(call:0x77e73af7,0x77c01208,2912)
(call:0x77e761aa,0x77e7844b,2912)
(call:0x77e7b08b,0xc46cbd,2912)
(call:0x77e7b08b,0xc47ca6,2912)
(call:0x77e7a6f0,0x77dd2aed,2912)
(call:0x77e7e1c7,0x763a1095,2912)
(call:0x77e7d995,0x77e7e1e4,2912)
(call:0x77e7ad86,0xc4a980,2912)
(call:0x77e7a6f0,0x77dd2aed,2912)
(call:0x77e75305,0x771c0f35,2912)
(call:0x77e7a47f,0x77e7a596,2912)
(call:0x77e761aa,0xbb102f,2912)
(call:0x77e768fa,0xbb103b,2912)
(call:0x77e7a6f0,0xbb1046,2912)
(call:0x77e7e197,0xc4a851,2912)
(call:0x1003134,0x77d43a50,2912)
(call:0x77e7e197,0x5ad75f6f,2912)
(call:0x77e73af7,0x5ad75f91,2912)
(call:0x77e7e197,0x5ad75f6f,2912)
(call:0x77e73af7,0x5ad75f91,2912)
(call:0x77e7e197,0x5ad75f6f,2912)
(call:0x77e73af7,0x5ad75f91,2912)
(call:0x1003134,0x77d43a50,2912)
(call:0x1003134,0x77d43a50,2912)
(call:0x1003134,0x77d43a50,2912)
(call:0x1003134,0x77d43a50,2912)
(call:0x1003134,0x77d43a50,2912)
(call:0x1003134,0x77d43a50,2912)
(call:0x1003134,0x77d43a50,2912)
(call:0x1003134,0x77d43a50,2912)
(call:0x1003134,0x77d43a50,2912)
(call:0x77e7a47f,0x77e7a596,2912)
(call:0x77e761aa,0xbb102f,2912)
(call:0x77e768fa,0xbb103b,2912)
(call:0x77e7a6f0,0xbb1046,2912)
(call:0x77e7e197,0x5ad75f6f,2912)
(call:0x77e73af7,0x5ad75f91,2912)
(call:0x77e7e197,0x5ad75f6f,2912)
(call:0x77e73af7,0x5ad75f91,2912)
(call:0x77e7e197,0x5ad75f6f,2912)
(call:0x77e73af7,0x5ad75f91,2912)
(call:0x77e6ddc5,0x7197ddea,2912)
(call:0x77e6ddc5,0x7197de10,2912)
(call:0x1003134,0x77d43a50,2912)
(call:0x77e7a47f,0x77e7a596,2912)
(call:0x77e761aa,0xbb102f,2912)
(call:0x77e768fa,0xbb103b,2912)
(call:0x77e7a6f0,0xbb1046,2912)
(call:0x1003134,0x77d43a50,2912)
(call:0x1003134,0x77d43a50,2912)
(call:0x77e7e197,0x5ad75f6f,2912)
(call:0x77e73af7,0x5ad75f91,2912)
(call:0x77e7e197,0x71967050,2912)
(call:0x1003134,0x77d43a50,2912)
(call:0x1001b9a,0x10043f5,2912)
(call:0x77e7e1c7,0x10044e9,2912)
(call:0x77e7d995,0x77e7e1e4,2912)
(call:0x1001c5b,0x1004568,2912)
(call:0x77e7f1cc,0x1001c8d,2912)
(call:0x77e7d995,0x77e7f1e9,2912)
(call:0x77e73af7,0x1001c9f,2912)
(call:0x77e7e197,0x71967050,2912)
(call:0x77e73af7,0x71967076,2912)
(call:0x77e75305,0x1001d4f,2912)
(call:0x1003134,0x77d43a50,2912)
(call:0x77e7a949,0xce2781,2912)
(call:0x77e7a949,0xce27a3,2912)
(call:0x77e6177e,0xce223a,2912)
(call:0x77e7b08b,0xce3858,2912)
(call:0x77e7a7fc,0xce5b02,2912)
(call:0x77e7a7fc,0xce5b58,2912)
(call:0x77e7a7fc,0xce58cd,2912)
(call:0x77e7a7fc,0xce5925,2912)
(call:0x77e7a949,0xce59fb,2912)
(call:0x77e7a7fc,0xce58cd,2912)
(call:0x77e7a7fc,0xce5925,2912)
(call:0x77e7a949,0xce59fb,2912)
(call:0x1003134,0x77d43a50,2912)
(call:0x1003134,0x77d43a50,2912)
(call:0x1003134,0x77d43a50,2912)
(call:0x77e7d995,0x77e75dbd,2912)
(call:0x1003134,0x77d43a50,2912)
(call:0x77e7a47f,0x77e7a596,2912)
(call:0x77e761aa,0xbb102f,2912)
(call:0x77e768fa,0xbb103b,2912)
(call:0x77e7a6f0,0xbb1046,2912)
(call:0x1003134,0x77d43a50,2912)
(call:0x1003134,0x77d43a50,2912)
(call:0x1003134,0x77d43a50,2912)
(call:0x77e7e197,0x5ad74878,2912)
(call:0x77e76782,0x629c42bc,2912)
(call:0x77e76782,0x77e77526,2912)
(call:0x77e76782,0x77e63100,2912)
(call:0x1003134,0x77d43a50,2912)
(call:0x77e7a47f,0x77e7a596,2912)
(call:0x77e761aa,0xbb102f,2912)
(call:0x77e768fa,0xbb103b,2912)
(call:0x77e7a6f0,0xbb1046,2912)
(call:0x1003134,0x77d43a50,2912)
(call:0x77e7a47f,0x77e7a596,2912)
(call:0x77e761aa,0xbb102f,2912)
(call:0x77e768fa,0xbb103b,2912)
(call:0x77e7a6f0,0xbb1046,2912)
(call:0x77e7e197,0xc4a851,2912)
(call:0x77e7b08b,0x746f1536,2912)
(call:0x77e7b08b,0x746f168c,2912)
(call:0x1003134,0x77d43a50,2912)
(call:0x77e7d995,0x77e75dbd,2912)
(call:0x1003134,0x77d43a50,2912)
(call:0x1003134,0x77d43a50,2912)
(call:0x77e7a47f,0x77e7a596,2912)
(call:0x77e761aa,0xbb102f,2912)
(call:0x77e768fa,0xbb103b,2912)
(call:0x77e7a6f0,0xbb1046,2912)
(call:0x1003134,0x77d43a50,2912)
(call:0x1003134,0x77d43a50,2912)
(call:0x1002919,0x1003630,2912)
(call:0x1003134,0x77d43a50,2912)
(call:0x1003134,0x77d43a50,2912)
(call:0x1002919,0x1003630,2912)
(call:0x77e7d995,0x77e75dbd,2912)
(call:0x77e7d995,0x77e75dbd,2912)
(call:0x77e7d995,0x77e75dbd,2912)
(call:0x77e7d995,0x77e75dbd,2912)
(call:0x77e7d995,0x77e75dbd,2912)
(call:0x77e7d995,0x77e75dbd,2912)
(call:0x77e7d995,0x77e75dbd,2912)
(call:0x77e7d995,0x77e75dbd,2912)
(call:0x77e7d995,0x77e75dbd,2912)
(call:0x77e7d995,0x77e75dbd,2912)
(call:0x77e7d995,0x77e75dbd,2912)
(call:0x77e7d995,0x77e75dbd,2912)
(call:0x77e7d995,0x77e75dbd,2912)
(call:0x77e7d995,0x77e75dbd,2912)
(call:0x77e7d995,0x77e75dbd,2912)
(call:0x77e7d995,0x77e75dbd,2912)
(call:0x77e7d995,0x77e75dbd,2912)
(call:0x77e7d995,0x77e75dbd,2912)
(call:0x77e7d995,0x77e75dbd,2912)
(call:0x77e7d995,0x77e75dbd,2912)
(call:0x77e7d995,0x77e75dbd,2912)
(call:0x77e761aa,0x74722757,2912)
(call:0x77e768fa,0x74722893,2912)
(call:0x77e7a6f0,0x747228a1,2912)
(call:0x77e7a47f,0x77e7a596,2912)
(call:0x77e761aa,0xbb102f,2912)
(call:0x77e768fa,0xbb103b,2912)
(call:0x77e7a6f0,0xbb1046,2912)
(call:0x1003134,0x77d43a50,2912)
(call:0x1003134,0x77d43a50,2912)
(call:0x77e7e197,0x5ad74878,2912)
(call:0x1003134,0x77d43a50,2912)
(call:0x1003134,0x77d43a50,2912)
(call:0x77e7e197,0x5ad74878,2912)
(call:0x1003134,0x77d43a50,2912)
(call:0x1003134,0x77d43a50,2912)
(call:0x77e7e197,0x5ad74878,2912)
(call:0x1003134,0x77d43a50,2912)
(call:0x1003134,0x77d43a50,2912)
(call:0x100195b,0x1003221,2912)
(call:0x1003134,0x77d43a50,2912)
(call:0x1003134,0x77d43a50,2912)
(call:0x1003e0f,0x100458b,2912)
(call:0x1003c15,0x100459e,2912)
(call:0x1003c15,0x10045b6,2912)
(call:0x1003e29,0x10045de,2912)
(call:0x1003c15,0x1003e44,2912)
(call:0x1003f7f,0x10045fd,2912)
(call:0x1003c15,0x1003f9b,2912)
(call:0x1003c15,0x1003fbb,2912)
(call:0x10040d7,0x10046da,2912)
(call:0x77e73af7,0x10040ed,2912)
(call:0x77e7e197,0x10040f6,2912)
(call:0x77e73af7,0x1004102,2912)
(call:0x77e7e197,0x1004105,2912)
(call:0x77e73af7,0x1004112,2912)
(call:0x77e7e197,0x1004115,2912)
(call:0x77e73af7,0x1004121,2912)
(call:0x77e7e197,0x1004124,2912)
(call:0x10040d7,0x10046e4,2912)
(call:0x77e73af7,0x10040ed,2912)
(call:0x77e7e197,0x10040f6,2912)
(call:0x77e73af7,0x1004102,2912)
(call:0x77e7e197,0x1004105,2912)
(call:0x77e73af7,0x1004112,2912)
(call:0x77e7e197,0x1004115,2912)
(call:0x77e73af7,0x1004121,2912)
(call:0x77e7e197,0x1004124,2912)
(call:0x77e768e9,0x100285e,2912)
(call:0x1003134,0x77d43a50,2912)
(call:0x1003134,0x77d43a50,2912)
(call:0x1003134,0x77d43a50,2912)
(call:0x77e7d995,0x77e75dbd,2912)
(call:0x77e7a6f0,0x77dd2aed,2912)
(call:0x77e7a949,0x747517d2,2912)
(call:0x77e73af7,0x72fce172,2912)
(call:0x77e7f1cc,0x72fce1b3,2912)
(call:0x77e7d995,0x77e7f1e9,2912)
(call:0x77e7f1cc,0x72fce1d5,2912)
(call:0x77e7d995,0x77e7f1e9,2912)
(call:0x77e73af7,0x72fce172,2912)
(call:0x77e7f1cc,0x72fce1b3,2912)
(call:0x77e7d995,0x77e7f1e9,2912)
(call:0x77e7f1cc,0x72fce1d5,2912)
(call:0x77e7d995,0x77e7f1e9,2912)
(call:0x77e73af7,0x72fce172,2912)
(call:0x77e7f1cc,0x72fce1b3,2912)
(call:0x77e7d995,0x77e7f1e9,2912)
(call:0x77e7f1cc,0x72fce1d5,2912)
(call:0x77e7d995,0x77e7f1e9,2912)
(call:0x77e73af7,0x72fce172,2912)
(call:0x77e7f1cc,0x72fce1b3,2912)
(call:0x77e7d995,0x77e7f1e9,2912)
(call:0x77e7f1cc,0x72fce1d5,2912)
(call:0x77e7d995,0x77e7f1e9,2912)
(call:0x77e73af7,0x72fce172,2912)
(call:0x77e7f1cc,0x72fce1b3,2912)
(call:0x77e7d995,0x77e7f1e9,2912)
(call:0x77e7f1cc,0x72fce1d5,2912)
(call:0x77e7d995,0x77e7f1e9,2912)
(call:0x77e7e197,0x72fce28c,2912)
(call:0x77e761aa,0x74722757,2912)
(call:0x77e7a47f,0x77e7a596,2912)
(call:0x77e761aa,0x7474c4d1,2912)
(call:0x77e7b08b,0x74755260,2912)
(call:0x77e7a47f,0x77e7a596,2912)
(call:0x77e761aa,0x74722757,2912)
(call:0x77e7a6f0,0x7473750b,2912)
(call:0x77e7a6f0,0x74737515,2912)
(call:0x77e7a949,0x1c001e8c,2912)
(call:0x77e7a949,0x1c001eae,2912)
(call:0x77e6177e,0x1c001945,2912)
(call:0x77e7b08b,0x1c002563,2912)
(call:0x77e7a7fc,0x1c0039dd,2912)
(call:0x77e7a7fc,0x1c003a33,2912)
(call:0x77e7a7fc,0x1c0037a8,2912)
(call:0x77e7a7fc,0x1c003800,2912)
(call:0x77e7a949,0x1c0038d6,2912)
(call:0x77e7a7fc,0x1c0037a8,2912)
(call:0x77e7a7fc,0x1c003800,2912)
(call:0x77e7a949,0x1c0038d6,2912)
(call:0x77e768e9,0x1c0014b6,2912)
(call:0x1003134,0x77d43a50,2912)
(call:0x77e7a47f,0x77e7a596,2912)
(call:0x77e761aa,0xbb102f,2912)
(call:0x77e768fa,0xbb103b,2912)
(call:0x77e7a6f0,0xbb1046,2912)
(call:0x1003134,0x77d43a50,2912)
(call:0x1001c51,0x77d799bb,2912)
(call:0x1001b9a,0x7d07fe,2912)
(call:0x1003134,0x77d43a50,2912)
(call:0x1003134,0x77d43a50,2912)
(call:0x1003134,0x77d43a50,2912)
(call:0x1003134,0x77d43a50,2912)
(call:0x1003134,0x77d43a50,2912)
(call:0x77e761aa,0x7474c4d1,2912)
(call:0x77e768fa,0x74722893,2912)
(call:0x77e7a6f0,0x747228a1,2912)
(call:0x77e7a47f,0x77e7a596,2912)
(call:0x77e761aa,0x74722757,2912)
(call:0x77e7a47f,0x77e7a596,2912)
(call:0x77e761aa,0x74722757,2912)
(call:0x77e7a47f,0x77e7a596,2912)
(call:0x77e761aa,0x74722757,2912)
(call:0x77e7a6f0,0x7472c439,2912)
(call:0x77e7a6f0,0x7472c439,2912)
(call:0x77e768fa,0x74722893,2912)
(call:0x77e7a6f0,0x747228a1,2912)
(call:0x77e7a47f,0x77e7a596,2912)
(call:0x77e761aa,0x74722757,2912)
(call:0x77e7a6f0,0x7472c439,2912)
(call:0x77e7a6f0,0x7472c439,2912)
(call:0x77e7ad86,0x74721bfc,2912)
(call:0x77e768fa,0x74722893,2912)
(call:0x77e7a6f0,0x747228a1,2912)
(call:0x77e7a47f,0x77e7a596,2912)
(call:0x77e761aa,0x74722757,2912)
(call:0x77e7a6f0,0x7472c439,2912)
(call:0x77e7a6f0,0x7472c439,2912)
(call:0x77e768fa,0x74722893,2912)
(call:0x77e7a6f0,0x747228a1,2912)
(call:0x77e7a47f,0x77e7a596,2912)
(call:0x77e761aa,0x74722757,2912)
(call:0x77e7a6f0,0x7472c439,2912)
(call:0x77e7a6f0,0x7472c439,2912)
(call:0x77e761aa,0x74722757,2912)
(call:0x77e768fa,0x74722893,2912)
(call:0x77e7a6f0,0x747228a1,2912)
(call:0x77e761aa,0x74722757,2912)
(call:0x77e768fa,0x74722893,2912)
(call:0x77e7a6f0,0x747228a1,2912)
(call:0x77e761aa,0x74722757,2912)
(call:0x77e768fa,0x74722893,2912)
(call:0x77e7a6f0,0x747228a1,2912)
(call:0x77e7a6f0,0x7472c439,2912)
(call:0x77e7a6f0,0x7472c439,2912)
(call:0x77e768fa,0x74722893,2912)
(call:0x77e7a6f0,0x747228a1,2912)
(call:0x77e7a6f0,0x7472c439,2912)
(call:0x77e7a6f0,0x7472c439,2912)
(call:0x77e7a6f0,0x7472c439,2912)
(call:0x77e7a6f0,0x7472c439,2912)
(call:0x77e7a6f0,0x7472c439,2912)
(call:0x77e7a6f0,0x7472c439,2912)
(call:0x77e7a6f0,0x7472c439,2912)
(call:0x77e7a6f0,0x7472c439,2912)
(call:0x77e768fa,0x74722893,2912)
(call:0x77e7a6f0,0x747228a1,2912)
(call:0x77e7a6f0,0x7472c439,2912)
(call:0x77e7a6f0,0x7472c439,2912)
(call:0x77e768fa,0x74722893,2912)
(call:0x77e7a6f0,0x747228a1,2912)
(call:0x77e7a6f0,0x7472c439,2912)
(call:0x77e7a6f0,0x7472c439,2912)
(call:0x1003134,0x77d43a50,2912)
(call:0x77e7a47f,0x77e7a596,2912)
(call:0x77e761aa,0xbb102f,2912)
(call:0x77e768fa,0xbb103b,2912)
(call:0x77e7a6f0,0xbb1046,2912)
(call:0x1003134,0x77d43a50,2912)
(call:0x77e7a47f,0x77e7a596,2912)
(call:0x77e761aa,0xbb102f,2912)
(call:0x77e768fa,0xbb103b,2912)
(call:0x77e7a6f0,0xbb1046,2912)
(call:0x1001c51,0x77d799bb,2912)
(call:0x1001b9a,0x7d07fe,2912)
(call:0x1003134,0x77d43a50,2912)
(call:0x77e7a47f,0x77e7a596,2912)
(call:0x77e761aa,0xbb102f,2912)
(call:0x77e768fa,0xbb103b,2912)
(call:0x77e7a6f0,0xbb1046,2912)
(call:0x1001c51,0x77d799bb,2912)
(call:0x1001b9a,0x7d07fe,2912)
(call:0x1003134,0x77d43a50,2912)
(call:0x77e7a47f,0x77e7a596,2912)
(call:0x77e761aa,0xbb102f,2912)
(call:0x77e768fa,0xbb103b,2912)
(call:0x77e7a6f0,0xbb1046,2912)
(call:0x1001c51,0x77d799bb,2912)
(call:0x1001b9a,0x7d07fe,2912)
(call:0x1003134,0x77d43a50,2912)
(call:0x77e7a47f,0x77e7a596,2912)
(call:0x77e761aa,0xbb102f,2912)
(call:0x77e768fa,0xbb103b,2912)
(call:0x77e7a6f0,0xbb1046,2912)
(call:0x1001c51,0x77d799bb,2912)
(call:0x1001b9a,0x7d07fe,2912)
(call:0x1003134,0x77d43a50,2912)
(call:0x77e7a47f,0x77e7a596,2912)
(call:0x77e761aa,0xbb102f,2912)
(call:0x77e768fa,0xbb103b,2912)
(call:0x77e7a6f0,0xbb1046,2912)
(call:0x1001c51,0x77d799bb,2912)
(call:0x1001b9a,0x7d07fe,2912)
(call:0x1003134,0x77d43a50,2912)
(call:0x77e7a47f,0x77e7a596,2912)
(call:0x77e761aa,0xbb102f,2912)
(call:0x77e768fa,0xbb103b,2912)
(call:0x77e7a6f0,0xbb1046,2912)
(call:0x1001c51,0x77d799bb,2912)
(call:0x1001b9a,0x7d07fe,2912)
(call:0x1003134,0x77d43a50,2912)
(call:0x77e7a47f,0x77e7a596,2912)
(call:0x77e761aa,0xbb102f,2912)
(call:0x77e768fa,0xbb103b,2912)
(call:0x77e7a6f0,0xbb1046,2912)
(call:0x1001c51,0x77d799bb,2912)
(call:0x1001b9a,0x7d07fe,2912)
(call:0x1003134,0x77d43a50,2912)
(call:0x77e7a47f,0x77e7a596,2912)
(call:0x77e761aa,0xbb102f,2912)
(call:0x77e768fa,0xbb103b,2912)
(call:0x77e7a6f0,0xbb1046,2912)
(call:0x1001c51,0x77d799bb,2912)
(call:0x1001b9a,0x7d07fe,2912)
(call:0x1003134,0x77d43a50,2912)
(call:0x77e7a47f,0x77e7a596,2912)
(call:0x77e761aa,0xbb102f,2912)
(call:0x77e768fa,0xbb103b,2912)
(call:0x77e7a6f0,0xbb1046,2912)
(call:0x1001c51,0x77d799bb,2912)
(call:0x1001b9a,0x7d07fe,2912)
(call:0x1003134,0x77d43a50,2912)
(call:0x77e7a47f,0x77e7a596,2912)
(call:0x77e761aa,0xbb102f,2912)
(call:0x77e768fa,0xbb103b,2912)
(call:0x77e7a6f0,0xbb1046,2912)
(call:0x1001c51,0x77d799bb,2912)
(call:0x1001b9a,0x7d07fe,2912)
(call:0x1003134,0x77d43a50,2912)
(call:0x77e7a47f,0x77e7a596,2912)
(call:0x77e761aa,0xbb102f,2912)
(call:0x77e768fa,0xbb103b,2912)
(call:0x77e7a6f0,0xbb1046,2912)
(call:0x1001c51,0x77d799bb,2912)
(call:0x1001b9a,0x7d07fe,2912)
(call:0x1003134,0x77d43a50,2912)
(call:0x1003134,0x77d43a50,2912)
(call:0x1003134,0x77d43a50,2912)
(call:0x77e7a47f,0x77e7a596,2912)
(call:0x77e761aa,0xbb102f,2912)
(call:0x77e768fa,0xbb103b,2912)
(call:0x77e7a6f0,0xbb1046,2912)
(call:0x1003134,0x77d43a50,2912)
(call:0x1001c51,0x77d799bb,2912)
(call:0x1001b9a,0x7d07fe,2912)
(call:0x1003134,0x77d43a50,2912)
(call:0x1003134,0x77d43a50,2912)
(call:0x77e7a47f,0x77e7a596,2912)
(call:0x77e761aa,0xbb102f,2912)
(call:0x77e768fa,0xbb103b,2912)
(call:0x77e7a6f0,0xbb1046,2912)
(call:0x1003134,0x77d43a50,2912)
(call:0x1001c51,0x77d799bb,2912)
(call:0x1001b9a,0x7d07fe,2912)
(call:0x1003134,0x77d43a50,2912)
(call:0x1003134,0x77d43a50,2912)
(call:0x77e7a47f,0x77e7a596,2912)
(call:0x77e761aa,0xbb102f,2912)
(call:0x77e768fa,0xbb103b,2912)
(call:0x77e7a6f0,0xbb1046,2912)
(call:0x1003134,0x77d43a50,2912)
(call:0x1001c51,0x77d799bb,2912)
(call:0x1001b9a,0x7d07fe,2912)
(call:0x1003134,0x77d43a50,2912)
(call:0x1003134,0x77d43a50,2912)
(call:0x77e7a47f,0x77e7a596,2912)
(call:0x77e761aa,0xbb102f,2912)
(call:0x77e768fa,0xbb103b,2912)
(call:0x77e7a6f0,0xbb1046,2912)
(call:0x1003134,0x77d43a50,2912)
(call:0x1001c51,0x77d799bb,2912)
(call:0x1001b9a,0x7d07fe,2912)
(call:0x1003134,0x77d43a50,2912)
(call:0x1003134,0x77d43a50,2912)
(call:0x77e7a47f,0x77e7a596,2912)
(call:0x77e761aa,0xbb102f,2912)
(call:0x77e768fa,0xbb103b,2912)
(call:0x77e7a6f0,0xbb1046,2912)
(call:0x1003134,0x77d43a50,2912)
(call:0x1001c51,0x77d799bb,2912)
(call:0x1001b9a,0x7d07fe,2912)
(call:0x1003134,0x77d43a50,2912)
(call:0x1003134,0x77d43a50,2912)
(call:0x77e7a47f,0x77e7a596,2912)
(call:0x77e761aa,0xbb102f,2912)
(call:0x77e768fa,0xbb103b,2912)
(call:0x77e7a6f0,0xbb1046,2912)
(call:0x1003134,0x77d43a50,2912)
(call:0x1001c51,0x77d799bb,2912)
(call:0x1001b9a,0x7d07fe,2912)
(call:0x1003134,0x77d43a50,2912)
(call:0x1003134,0x77d43a50,2912)
(call:0x77e7a47f,0x77e7a596,2912)
(call:0x77e761aa,0xbb102f,2912)
(call:0x77e768fa,0xbb103b,2912)
(call:0x77e7a6f0,0xbb1046,2912)
(call:0x1003134,0x77d43a50,2912)
(call:0x1001c51,0x77d799bb,2912)
(call:0x1001b9a,0x7d07fe,2912)
(call:0x1003134,0x77d43a50,2912)
(call:0x1003134,0x77d43a50,2912)
(call:0x77e7a47f,0x77e7a596,2912)
(call:0x77e761aa,0xbb102f,2912)
(call:0x77e768fa,0xbb103b,2912)
(call:0x77e7a6f0,0xbb1046,2912)
(call:0x1003134,0x77d43a50,2912)
(call:0x1001c51,0x77d799bb,2912)
(call:0x1001b9a,0x7d07fe,2912)
(call:0x1003134,0x77d43a50,2912)
(call:0x1003134,0x77d43a50,2912)
(call:0x77e7a47f,0x77e7a596,2912)
(call:0x77e761aa,0xbb102f,2912)
(call:0x77e768fa,0xbb103b,2912)
(call:0x77e7a6f0,0xbb1046,2912)
(call:0x1003134,0x77d43a50,2912)
(call:0x1001c51,0x77d799bb,2912)
(call:0x1001b9a,0x7d07fe,2912)
(call:0x1003134,0x77d43a50,2912)
(call:0x1003134,0x77d43a50,2912)
(call:0x77e7a47f,0x77e7a596,2912)
(call:0x77e761aa,0xbb102f,2912)
(call:0x77e768fa,0xbb103b,2912)
(call:0x77e7a6f0,0xbb1046,2912)
(call:0x1003134,0x77d43a50,2912)
(call:0x1001c51,0x77d799bb,2912)
(call:0x1001b9a,0x7d07fe,2912)
(call:0x1003134,0x77d43a50,2912)
(call:0x1003134,0x77d43a50,2912)
(call:0x77e7a47f,0x77e7a596,2912)
(call:0x77e761aa,0xbb102f,2912)
(call:0x77e768fa,0xbb103b,2912)
(call:0x77e7a6f0,0xbb1046,2912)
(call:0x1003134,0x77d43a50,2912)
(call:0x1001c51,0x77d799bb,2912)
(call:0x1001b9a,0x7d07fe,2912)
(call:0x1003134,0x77d43a50,2912)
(call:0x1003134,0x77d43a50,2912)
(call:0x77e7a47f,0x77e7a596,2912)
(call:0x77e761aa,0xbb102f,2912)
(call:0x77e768fa,0xbb103b,2912)
(call:0x77e7a6f0,0xbb1046,2912)
(call:0x1003134,0x77d43a50,2912)
(call:0x1001c51,0x77d799bb,2912)
(call:0x1001b9a,0x7d07fe,2912)
(call:0x1003134,0x77d43a50,2912)
(call:0x1003134,0x77d43a50,2912)
(call:0x77e7a47f,0x77e7a596,2912)
(call:0x77e761aa,0xbb102f,2912)
(call:0x77e768fa,0xbb103b,2912)
(call:0x77e7a6f0,0xbb1046,2912)
(call:0x1003134,0x77d43a50,2912)
(call:0x1001c51,0x77d799bb,2912)
(call:0x1001b9a,0x7d07fe,2912)
(call:0x1003134,0x77d43a50,2912)
(call:0x1003134,0x77d43a50,2912)
(call:0x77e7a47f,0x77e7a596,2912)
(call:0x77e761aa,0xbb102f,2912)
(call:0x77e768fa,0xbb103b,2912)
(call:0x77e7a6f0,0xbb1046,2912)
(call:0x1003134,0x77d43a50,2912)
(call:0x1001c51,0x77d799bb,2912)
(call:0x1001b9a,0x7d07fe,2912)
(call:0x1003134,0x77d43a50,2912)
(call:0x1003134,0x77d43a50,2912)
(call:0x77e7a47f,0x77e7a596,2912)
(call:0x77e761aa,0xbb102f,2912)
(call:0x77e768fa,0xbb103b,2912)
(call:0x77e7a6f0,0xbb1046,2912)
(call:0x1003134,0x77d43a50,2912)
(call:0x1001c51,0x77d799bb,2912)
(call:0x1001b9a,0x7d07fe,2912)
(call:0x1003134,0x77d43a50,2912)
(call:0x1003134,0x77d43a50,2912)
(call:0x77e7a47f,0x77e7a596,2912)
(call:0x77e761aa,0xbb102f,2912)
(call:0x77e768fa,0xbb103b,2912)
(call:0x77e7a6f0,0xbb1046,2912)
(call:0x1003134,0x77d43a50,2912)
(call:0x1001c51,0x77d799bb,2912)
(call:0x1001b9a,0x7d07fe,2912)
(call:0x1003134,0x77d43a50,2912)
(call:0x1003134,0x77d43a50,2912)
(call:0x77e7a47f,0x77e7a596,2912)
(call:0x77e761aa,0xbb102f,2912)
(call:0x77e768fa,0xbb103b,2912)
(call:0x77e7a6f0,0xbb1046,2912)
(call:0x1003134,0x77d43a50,2912)
(call:0x1001c51,0x77d799bb,2912)
(call:0x1001b9a,0x7d07fe,2912)
(call:0x1003134,0x77d43a50,2912)
(call:0x1003134,0x77d43a50,2912)
(call:0x77e7a47f,0x77e7a596,2912)
(call:0x77e761aa,0xbb102f,2912)
(call:0x77e768fa,0xbb103b,2912)
(call:0x77e7a6f0,0xbb1046,2912)
(call:0x1003134,0x77d43a50,2912)
(call:0x1001c51,0x77d799bb,2912)
(call:0x1001b9a,0x7d07fe,2912)
(call:0x1003134,0x77d43a50,2912)
(call:0x1003134,0x77d43a50,2912)
(call:0x77e7a47f,0x77e7a596,2912)
(call:0x77e761aa,0xbb102f,2912)
(call:0x77e768fa,0xbb103b,2912)
(call:0x77e7a6f0,0xbb1046,2912)
(call:0x1003134,0x77d43a50,2912)
(call:0x1001c51,0x77d799bb,2912)
(call:0x1001b9a,0x7d07fe,2912)
(call:0x1003134,0x77d43a50,2912)
(call:0x1003134,0x77d43a50,2912)
(call:0x77e7a47f,0x77e7a596,2912)
(call:0x77e761aa,0xbb102f,2912)
(call:0x77e768fa,0xbb103b,2912)
(call:0x77e7a6f0,0xbb1046,2912)
(call:0x1003134,0x77d43a50,2912)
(call:0x1001c51,0x77d799bb,2912)
(call:0x1001b9a,0x7d07fe,2912)
(call:0x1003134,0x77d43a50,2912)
(call:0x1003134,0x77d43a50,2912)
(call:0x77e7a47f,0x77e7a596,2912)
(call:0x77e761aa,0xbb102f,2912)
(call:0x77e768fa,0xbb103b,2912)
(call:0x77e7a6f0,0xbb1046,2912)
(call:0x1003134,0x77d43a50,2912)
(call:0x1001c51,0x77d799bb,2912)
(call:0x1001b9a,0x7d07fe,2912)
(call:0x1003134,0x77d43a50,2912)
(call:0x1003134,0x77d43a50,2912)
(call:0x77e7a47f,0x77e7a596,2912)
(call:0x77e761aa,0xbb102f,2912)
(call:0x77e768fa,0xbb103b,2912)
(call:0x77e7a6f0,0xbb1046,2912)
(call:0x1003134,0x77d43a50,2912)
(call:0x1001c51,0x77d799bb,2912)
(call:0x1001b9a,0x7d07fe,2912)
(call:0x1003134,0x77d43a50,2912)
(call:0x1003134,0x77d43a50,2912)
(call:0x77e7a47f,0x77e7a596,2912)
(call:0x77e761aa,0xbb102f,2912)
(call:0x77e768fa,0xbb103b,2912)
(call:0x77e7a6f0,0xbb1046,2912)
(call:0x1003134,0x77d43a50,2912)
(call:0x1001c51,0x77d799bb,2912)
(call:0x1001b9a,0x7d07fe,2912)
(call:0x1003134,0x77d43a50,2912)
(call:0x1003134,0x77d43a50,2912)
(call:0x77e7a47f,0x77e7a596,2912)
(call:0x77e761aa,0xbb102f,2912)
(call:0x77e768fa,0xbb103b,2912)
(call:0x77e7a6f0,0xbb1046,2912)
(call:0x1003134,0x77d43a50,2912)
(call:0x1001c51,0x77d799bb,2912)
(call:0x1001b9a,0x7d07fe,2912)
(call:0x1003134,0x77d43a50,2912)
(call:0x1003134,0x77d43a50,2912)
(call:0x77e7a47f,0x77e7a596,2912)
(call:0x77e761aa,0xbb102f,2912)
(call:0x77e768fa,0xbb103b,2912)
(call:0x77e7a6f0,0xbb1046,2912)
(call:0x1003134,0x77d43a50,2912)
(call:0x1001c51,0x77d799bb,2912)
(call:0x1001b9a,0x7d07fe,2912)
(call:0x1003134,0x77d43a50,2912)
(call:0x1003134,0x77d43a50,2912)
(call:0x77e7a47f,0x77e7a596,2912)
(call:0x77e761aa,0xbb102f,2912)
(call:0x77e768fa,0xbb103b,2912)
(call:0x77e7a6f0,0xbb1046,2912)
(call:0x1003134,0x77d43a50,2912)
(call:0x1001c51,0x77d799bb,2912)
(call:0x1001b9a,0x7d07fe,2912)
(call:0x1003134,0x77d43a50,2912)
(call:0x1003134,0x77d43a50,2912)
(call:0x77e7a47f,0x77e7a596,2912)
(call:0x77e761aa,0xbb102f,2912)
(call:0x77e768fa,0xbb103b,2912)
(call:0x77e7a6f0,0xbb1046,2912)
(call:0x1003134,0x77d43a50,2912)
(call:0x1001c51,0x77d799bb,2912)
(call:0x1001b9a,0x7d07fe,2912)
(call:0x1003134,0x77d43a50,2912)
(call:0x1003134,0x77d43a50,2912)
(call:0x77e7a47f,0x77e7a596,2912)
(call:0x77e761aa,0xbb102f,2912)
(call:0x77e768fa,0xbb103b,2912)
(call:0x77e7a6f0,0xbb1046,2912)
(call:0x1003134,0x77d43a50,2912)
(call:0x1001c51,0x77d799bb,2912)
(call:0x1001b9a,0x7d07fe,2912)
(call:0x1003134,0x77d43a50,2912)
(call:0x1003134,0x77d43a50,2912)
(call:0x77e7a47f,0x77e7a596,2912)
(call:0x77e761aa,0xbb102f,2912)
(call:0x77e768fa,0xbb103b,2912)
(call:0x77e7a6f0,0xbb1046,2912)
(call:0x1003134,0x77d43a50,2912)
(call:0x1001c51,0x77d799bb,2912)
(call:0x1001b9a,0x7d07fe,2912)
(call:0x1003134,0x77d43a50,2912)
(call:0x1003134,0x77d43a50,2912)
(call:0x77e7a47f,0x77e7a596,2912)
(call:0x77e761aa,0xbb102f,2912)
(call:0x77e768fa,0xbb103b,2912)
(call:0x77e7a6f0,0xbb1046,2912)
(call:0x1003134,0x77d43a50,2912)
(call:0x1001c51,0x77d799bb,2912)
(call:0x1001b9a,0x7d07fe,2912)
(call:0x1003134,0x77d43a50,2912)
(call:0x1003134,0x77d43a50,2912)
(call:0x77e7a47f,0x77e7a596,2912)
(call:0x77e761aa,0xbb102f,2912)
(call:0x77e768fa,0xbb103b,2912)
(call:0x77e7a6f0,0xbb1046,2912)
(call:0x1003134,0x77d43a50,2912)
(call:0x1001c51,0x77d799bb,2912)
(call:0x1001b9a,0x7d07fe,2912)
(call:0x1003134,0x77d43a50,2912)
(call:0x1003134,0x77d43a50,2912)
(call:0x77e7a47f,0x77e7a596,2912)
(call:0x77e761aa,0xbb102f,2912)
(call:0x77e768fa,0xbb103b,2912)
(call:0x77e7a6f0,0xbb1046,2912)
(call:0x1003134,0x77d43a50,2912)
(call:0x1001c51,0x77d799bb,2912)
(call:0x1001b9a,0x7d07fe,2912)
(call:0x1003134,0x77d43a50,2912)
(call:0x1003134,0x77d43a50,2912)
(call:0x77e7a47f,0x77e7a596,2912)
(call:0x77e761aa,0xbb102f,2912)
(call:0x77e768fa,0xbb103b,2912)
(call:0x77e7a6f0,0xbb1046,2912)
(call:0x1003134,0x77d43a50,2912)
(call:0x1001c51,0x77d799bb,2912)
(call:0x1001b9a,0x7d07fe,2912)
(call:0x1003134,0x77d43a50,2912)
(call:0x1003134,0x77d43a50,2912)
(call:0x77e7a47f,0x77e7a596,2912)
(call:0x77e761aa,0xbb102f,2912)
(call:0x77e768fa,0xbb103b,2912)
(call:0x77e7a6f0,0xbb1046,2912)
(call:0x1003134,0x77d43a50,2912)
(call:0x1001c51,0x77d799bb,2912)
(call:0x1001b9a,0x7d07fe,2912)
(call:0x1003134,0x77d43a50,2912)
(call:0x1003134,0x77d43a50,2912)
(call:0x77e7a47f,0x77e7a596,2912)
(call:0x77e761aa,0xbb102f,2912)
(call:0x77e768fa,0xbb103b,2912)
(call:0x77e7a6f0,0xbb1046,2912)
(call:0x1003134,0x77d43a50,2912)
(call:0x1001c51,0x77d799bb,2912)
(call:0x1001b9a,0x7d07fe,2912)
(call:0x1003134,0x77d43a50,2912)
(call:0x1003134,0x77d43a50,2912)
(call:0x77e7a47f,0x77e7a596,2912)
(call:0x77e761aa,0xbb102f,2912)
(call:0x77e768fa,0xbb103b,2912)
(call:0x77e7a6f0,0xbb1046,2912)
(call:0x1003134,0x77d43a50,2912)
(call:0x1001c51,0x77d799bb,2912)
(call:0x1001b9a,0x7d07fe,2912)
(call:0x1003134,0x77d43a50,2912)
(call:0x1003134,0x77d43a50,2912)
(call:0x77e7a47f,0x77e7a596,2912)
(call:0x77e761aa,0xbb102f,2912)
(call:0x77e768fa,0xbb103b,2912)
(call:0x77e7a6f0,0xbb1046,2912)
(call:0x1003134,0x77d43a50,2912)
(call:0x1001c51,0x77d799bb,2912)
(call:0x1001b9a,0x7d07fe,2912)
(call:0x1003134,0x77d43a50,2912)
(call:0x1003134,0x77d43a50,2912)
(call:0x77e7a47f,0x77e7a596,2912)
(call:0x77e761aa,0xbb102f,2912)
(call:0x77e768fa,0xbb103b,2912)
(call:0x77e7a6f0,0xbb1046,2912)
(call:0x1003134,0x77d43a50,2912)
(call:0x1001c51,0x77d799bb,2912)
(call:0x1001b9a,0x7d07fe,2912)
(call:0x1003134,0x77d43a50,2912)
(call:0x1003134,0x77d43a50,2912)
(call:0x77e7a47f,0x77e7a596,2912)
(call:0x77e761aa,0xbb102f,2912)
(call:0x77e768fa,0xbb103b,2912)
(call:0x77e7a6f0,0xbb1046,2912)
(call:0x1003134,0x77d43a50,2912)
(call:0x1001c51,0x77d799bb,2912)
(call:0x1001b9a,0x7d07fe,2912)
(call:0x1003134,0x77d43a50,2912)
(call:0x1003134,0x77d43a50,2912)
(call:0x77e7a47f,0x77e7a596,2912)
(call:0x77e761aa,0xbb102f,2912)
(call:0x77e768fa,0xbb103b,2912)
(call:0x77e7a6f0,0xbb1046,2912)
(call:0x1003134,0x77d43a50,2912)
(call:0x1001c51,0x77d799bb,2912)
(call:0x1001b9a,0x7d07fe,2912)
(call:0x1003134,0x77d43a50,2912)
(call:0x1003134,0x77d43a50,2912)
(call:0x77e7a47f,0x77e7a596,2912)
(call:0x77e761aa,0xbb102f,2912)
(call:0x77e768fa,0xbb103b,2912)
(call:0x77e7a6f0,0xbb1046,2912)
(call:0x1003134,0x77d43a50,2912)
(call:0x1001c51,0x77d799bb,2912)
(call:0x1001b9a,0x7d07fe,2912)
(call:0x1003134,0x77d43a50,2912)
(call:0x1003134,0x77d43a50,2912)
(call:0x77e7a47f,0x77e7a596,2912)
(call:0x77e761aa,0xbb102f,2912)
(call:0x77e768fa,0xbb103b,2912)
(call:0x77e7a6f0,0xbb1046,2912)
(call:0x1003134,0x77d43a50,2912)
(call:0x1001c51,0x77d799bb,2912)
(call:0x1001b9a,0x7d07fe,2912)
(call:0x1003134,0x77d43a50,2912)
(call:0x1003134,0x77d43a50,2912)
(call:0x77e7a47f,0x77e7a596,2912)
(call:0x77e761aa,0xbb102f,2912)
(call:0x77e768fa,0xbb103b,2912)
(call:0x77e7a6f0,0xbb1046,2912)
(call:0x1003134,0x77d43a50,2912)
(call:0x1001c51,0x77d799bb,2912)
(call:0x1001b9a,0x7d07fe,2912)
(call:0x1003134,0x77d43a50,2912)
(call:0x1003134,0x77d43a50,2912)
(call:0x77e7a47f,0x77e7a596,2912)
(call:0x77e761aa,0xbb102f,2912)
(call:0x77e768fa,0xbb103b,2912)
(call:0x77e7a6f0,0xbb1046,2912)
(call:0x1003134,0x77d43a50,2912)
(call:0x1001c51,0x77d799bb,2912)
(call:0x1001b9a,0x7d07fe,2912)
(call:0x1003134,0x77d43a50,2912)
(call:0x1003134,0x77d43a50,2912)
(call:0x77e7a47f,0x77e7a596,2912)
(call:0x77e761aa,0xbb102f,2912)
(call:0x77e768fa,0xbb103b,2912)
(call:0x77e7a6f0,0xbb1046,2912)
(call:0x1003134,0x77d43a50,2912)
(call:0x1001c51,0x77d799bb,2912)
(call:0x1001b9a,0x7d07fe,2912)
(call:0x1003134,0x77d43a50,2912)
(call:0x1003134,0x77d43a50,2912)
(call:0x77e7a47f,0x77e7a596,2912)
(call:0x77e761aa,0xbb102f,2912)
(call:0x77e768fa,0xbb103b,2912)
(call:0x77e7a6f0,0xbb1046,2912)
(call:0x1003134,0x77d43a50,2912)
(call:0x1001c51,0x77d799bb,2912)
(call:0x1001b9a,0x7d07fe,2912)
(call:0x1003134,0x77d43a50,2912)
(call:0x1003134,0x77d43a50,2912)
(call:0x77e7a47f,0x77e7a596,2912)
(call:0x77e761aa,0xbb102f,2912)
(call:0x77e768fa,0xbb103b,2912)
(call:0x77e7a6f0,0xbb1046,2912)
(call:0x1003134,0x77d43a50,2912)
(call:0x1001c51,0x77d799bb,2912)
(call:0x1001b9a,0x7d07fe,2912)
(call:0x1003134,0x77d43a50,2912)
(call:0x1003134,0x77d43a50,2912)
(call:0x77e7a47f,0x77e7a596,2912)
(call:0x77e761aa,0xbb102f,2912)
(call:0x77e768fa,0xbb103b,2912)
(call:0x77e7a6f0,0xbb1046,2912)
(call:0x1003134,0x77d43a50,2912)
(call:0x1001c51,0x77d799bb,2912)
(call:0x1001b9a,0x7d07fe,2912)
(call:0x1003134,0x77d43a50,2912)
(call:0x1003134,0x77d43a50,2912)
(call:0x77e7a47f,0x77e7a596,2912)
(call:0x77e761aa,0xbb102f,2912)
(call:0x77e768fa,0xbb103b,2912)
(call:0x77e7a6f0,0xbb1046,2912)
(call:0x1003134,0x77d43a50,2912)
(call:0x1001c51,0x77d799bb,2912)
(call:0x1001b9a,0x7d07fe,2912)
(call:0x1003134,0x77d43a50,2912)
(call:0x1003134,0x77d43a50,2912)
(call:0x77e7a47f,0x77e7a596,2912)
(call:0x77e761aa,0xbb102f,2912)
(call:0x77e768fa,0xbb103b,2912)
(call:0x77e7a6f0,0xbb1046,2912)
(call:0x1003134,0x77d43a50,2912)
(call:0x1001c51,0x77d799bb,2912)
(call:0x1001b9a,0x7d07fe,2912)
(call:0x1003134,0x77d43a50,2912)
(call:0x1003134,0x77d43a50,2912)
(call:0x77e7a47f,0x77e7a596,2912)
(call:0x77e761aa,0xbb102f,2912)
(call:0x77e768fa,0xbb103b,2912)
(call:0x77e7a6f0,0xbb1046,2912)
(call:0x1003134,0x77d43a50,2912)
(call:0x1001c51,0x77d799bb,2912)
(call:0x1001b9a,0x7d07fe,2912)
(call:0x1003134,0x77d43a50,2912)
(call:0x1003134,0x77d43a50,2912)
(call:0x77e7a47f,0x77e7a596,2912)
(call:0x77e761aa,0xbb102f,2912)
(call:0x77e768fa,0xbb103b,2912)
(call:0x77e7a6f0,0xbb1046,2912)
(call:0x1003134,0x77d43a50,2912)
(call:0x1001c51,0x77d799bb,2912)
(call:0x1001b9a,0x7d07fe,2912)
(call:0x1003134,0x77d43a50,2912)
(call:0x1003134,0x77d43a50,2912)
(call:0x77e7a47f,0x77e7a596,2912)
(call:0x77e761aa,0xbb102f,2912)
(call:0x77e768fa,0xbb103b,2912)
(call:0x77e7a6f0,0xbb1046,2912)
(call:0x1003134,0x77d43a50,2912)
(call:0x1001c51,0x77d799bb,2912)
(call:0x1001b9a,0x7d07fe,2912)
(call:0x1003134,0x77d43a50,2912)
(call:0x1003134,0x77d43a50,2912)
(call:0x77e7a47f,0x77e7a596,2912)
(call:0x77e761aa,0xbb102f,2912)
(call:0x77e768fa,0xbb103b,2912)
(call:0x77e7a6f0,0xbb1046,2912)
(call:0x1003134,0x77d43a50,2912)
(call:0x1001c51,0x77d799bb,2912)
(call:0x1001b9a,0x7d07fe,2912)
(call:0x1003134,0x77d43a50,2912)
(call:0x1003134,0x77d43a50,2912)
(call:0x77e7a47f,0x77e7a596,2912)
(call:0x77e761aa,0xbb102f,2912)
(call:0x77e768fa,0xbb103b,2912)
(call:0x77e7a6f0,0xbb1046,2912)
(call:0x1003134,0x77d43a50,2912)
(call:0x1001c51,0x77d799bb,2912)
(call:0x1001b9a,0x7d07fe,2912)
(call:0x1003134,0x77d43a50,2912)
(call:0x1003134,0x77d43a50,2912)
(call:0x77e7a47f,0x77e7a596,2912)
(call:0x77e761aa,0xbb102f,2912)
(call:0x77e768fa,0xbb103b,2912)
(call:0x77e7a6f0,0xbb1046,2912)
(call:0x1003134,0x77d43a50,2912)
(call:0x1001c51,0x77d799bb,2912)
(call:0x1001b9a,0x7d07fe,2912)
(call:0x1003134,0x77d43a50,2912)
(call:0x1003134,0x77d43a50,2912)
(call:0x77e7a47f,0x77e7a596,2912)
(call:0x77e761aa,0xbb102f,2912)
(call:0x77e768fa,0xbb103b,2912)
(call:0x77e7a6f0,0xbb1046,2912)
(call:0x1003134,0x77d43a50,2912)
(call:0x1001c51,0x77d799bb,2912)
(call:0x1001b9a,0x7d07fe,2912)
(call:0x1003134,0x77d43a50,2912)
(call:0x1003134,0x77d43a50,2912)
(call:0x77e7a47f,0x77e7a596,2912)
(call:0x77e761aa,0xbb102f,2912)
(call:0x77e768fa,0xbb103b,2912)
(call:0x77e7a6f0,0xbb1046,2912)
(call:0x1003134,0x77d43a50,2912)
(call:0x1001c51,0x77d799bb,2912)
(call:0x1001b9a,0x7d07fe,2912)
(call:0x1003134,0x77d43a50,2912)
(call:0x1003134,0x77d43a50,2912)
(call:0x77e7a47f,0x77e7a596,2912)
(call:0x77e761aa,0xbb102f,2912)
(call:0x77e768fa,0xbb103b,2912)
(call:0x77e7a6f0,0xbb1046,2912)
(call:0x1003134,0x77d43a50,2912)
(call:0x1001c51,0x77d799bb,2912)
(call:0x1001b9a,0x7d07fe,2912)
(call:0x1003134,0x77d43a50,2912)
(call:0x1003134,0x77d43a50,2912)
(call:0x77e7a47f,0x77e7a596,2912)
(call:0x77e761aa,0xbb102f,2912)
(call:0x77e768fa,0xbb103b,2912)
(call:0x77e7a6f0,0xbb1046,2912)
(call:0x1003134,0x77d43a50,2912)
(call:0x1001c51,0x77d799bb,2912)
(call:0x1001b9a,0x7d07fe,2912)
(call:0x1003134,0x77d43a50,2912)
(call:0x1003134,0x77d43a50,2912)
(call:0x77e7a47f,0x77e7a596,2912)
(call:0x77e761aa,0xbb102f,2912)
(call:0x77e768fa,0xbb103b,2912)
(call:0x77e7a6f0,0xbb1046,2912)
(call:0x1003134,0x77d43a50,2912)
(call:0x1001c51,0x77d799bb,2912)
(call:0x1001b9a,0x7d07fe,2912)
(call:0x1003134,0x77d43a50,2912)
(call:0x1003134,0x77d43a50,2912)
(call:0x77e7a47f,0x77e7a596,2912)
(call:0x77e761aa,0xbb102f,2912)
(call:0x77e768fa,0xbb103b,2912)
(call:0x77e7a6f0,0xbb1046,2912)
(call:0x1003134,0x77d43a50,2912)
(call:0x1001c51,0x77d799bb,2912)
(call:0x1001b9a,0x7d07fe,2912)
(call:0x1003134,0x77d43a50,2912)
(call:0x1003134,0x77d43a50,2912)
(call:0x77e7a47f,0x77e7a596,2912)
(call:0x77e761aa,0xbb102f,2912)
(call:0x77e768fa,0xbb103b,2912)
(call:0x77e7a6f0,0xbb1046,2912)
(call:0x1003134,0x77d43a50,2912)
(call:0x1001c51,0x77d799bb,2912)
(call:0x1001b9a,0x7d07fe,2912)
(call:0x1003134,0x77d43a50,2912)
(call:0x1003134,0x77d43a50,2912)
(call:0x77e7a47f,0x77e7a596,2912)
(call:0x77e761aa,0xbb102f,2912)
(call:0x77e768fa,0xbb103b,2912)
(call:0x77e7a6f0,0xbb1046,2912)
(call:0x1003134,0x77d43a50,2912)
(call:0x1001c51,0x77d799bb,2912)
(call:0x1001b9a,0x7d07fe,2912)
(call:0x1003134,0x77d43a50,2912)
(call:0x1003134,0x77d43a50,2912)
(call:0x77e7a47f,0x77e7a596,2912)
(call:0x77e761aa,0xbb102f,2912)
(call:0x77e768fa,0xbb103b,2912)
(call:0x77e7a6f0,0xbb1046,2912)
(call:0x1003134,0x77d43a50,2912)
(call:0x1001c51,0x77d799bb,2912)
(call:0x1001b9a,0x7d07fe,2912)
(call:0x1003134,0x77d43a50,2912)
(call:0x1003134,0x77d43a50,2912)
(call:0x77e7a47f,0x77e7a596,2912)
(call:0x77e761aa,0xbb102f,2912)
(call:0x77e768fa,0xbb103b,2912)
(call:0x77e7a6f0,0xbb1046,2912)
(call:0x1003134,0x77d43a50,2912)
(call:0x1001c51,0x77d799bb,2912)
(call:0x1001b9a,0x7d07fe,2912)
(call:0x1003134,0x77d43a50,2912)
(call:0x1003134,0x77d43a50,2912)
(call:0x77e7a47f,0x77e7a596,2912)
(call:0x77e761aa,0xbb102f,2912)
(call:0x77e768fa,0xbb103b,2912)
(call:0x77e7a6f0,0xbb1046,2912)
(call:0x1003134,0x77d43a50,2912)
(call:0x1001c51,0x77d799bb,2912)
(call:0x1001b9a,0x7d07fe,2912)
(call:0x1003134,0x77d43a50,2912)
(call:0x1003134,0x77d43a50,2912)
(call:0x77e7a47f,0x77e7a596,2912)
(call:0x77e761aa,0xbb102f,2912)
(call:0x77e768fa,0xbb103b,2912)
(call:0x77e7a6f0,0xbb1046,2912)
(call:0x1003134,0x77d43a50,2912)
(call:0x1001c51,0x77d799bb,2912)
(call:0x1001b9a,0x7d07fe,2912)
(call:0x1003134,0x77d43a50,2912)
(call:0x1003134,0x77d43a50,2912)
(call:0x77e7a47f,0x77e7a596,2912)
(call:0x77e761aa,0xbb102f,2912)
(call:0x77e768fa,0xbb103b,2912)
(call:0x77e7a6f0,0xbb1046,2912)
(call:0x1003134,0x77d43a50,2912)
(call:0x1001c51,0x77d799bb,2912)
(call:0x1001b9a,0x7d07fe,2912)
(call:0x1003134,0x77d43a50,2912)
(call:0x1003134,0x77d43a50,2912)
(call:0x77e7a47f,0x77e7a596,2912)
(call:0x77e761aa,0xbb102f,2912)
(call:0x77e768fa,0xbb103b,2912)
(call:0x77e7a6f0,0xbb1046,2912)
(call:0x1003134,0x77d43a50,2912)
(call:0x1001c51,0x77d799bb,2912)
(call:0x1001b9a,0x7d07fe,2912)
(call:0x1003134,0x77d43a50,2912)
(call:0x1003134,0x77d43a50,2912)
(call:0x77e7a47f,0x77e7a596,2912)
(call:0x77e761aa,0xbb102f,2912)
(call:0x77e768fa,0xbb103b,2912)
(call:0x77e7a6f0,0xbb1046,2912)
(call:0x1003134,0x77d43a50,2912)
(call:0x1001c51,0x77d799bb,2912)
(call:0x1001b9a,0x7d07fe,2912)
(call:0x1003134,0x77d43a50,2912)
(call:0x1003134,0x77d43a50,2912)
(call:0x77e7a47f,0x77e7a596,2912)
(call:0x77e761aa,0xbb102f,2912)
(call:0x77e768fa,0xbb103b,2912)
(call:0x77e7a6f0,0xbb1046,2912)
(call:0x1003134,0x77d43a50,2912)
(call:0x1001c51,0x77d799bb,2912)
(call:0x1001b9a,0x7d07fe,2912)
(call:0x1003134,0x77d43a50,2912)
(call:0x1003134,0x77d43a50,2912)
(call:0x77e7a47f,0x77e7a596,2912)
(call:0x77e761aa,0xbb102f,2912)
(call:0x77e768fa,0xbb103b,2912)
(call:0x77e7a6f0,0xbb1046,2912)
(call:0x1003134,0x77d43a50,2912)
(call:0x1001c51,0x77d799bb,2912)
(call:0x1001b9a,0x7d07fe,2912)
(call:0x1003134,0x77d43a50,2912)
(call:0x1003134,0x77d43a50,2912)
(call:0x77e7a47f,0x77e7a596,2912)
(call:0x77e761aa,0xbb102f,2912)
(call:0x77e768fa,0xbb103b,2912)
(call:0x77e7a6f0,0xbb1046,2912)
(call:0x1003134,0x77d43a50,2912)
(call:0x1001c51,0x77d799bb,2912)
(call:0x1001b9a,0x7d07fe,2912)
(call:0x1003134,0x77d43a50,2912)
(call:0x1003134,0x77d43a50,2912)
(call:0x77e7a47f,0x77e7a596,2912)
(call:0x77e761aa,0xbb102f,2912)
(call:0x77e768fa,0xbb103b,2912)
(call:0x77e7a6f0,0xbb1046,2912)
(call:0x1003134,0x77d43a50,2912)
(call:0x1001c51,0x77d799bb,2912)
(call:0x1001b9a,0x7d07fe,2912)
(call:0x1003134,0x77d43a50,2912)
(call:0x1003134,0x77d43a50,2912)
(call:0x77e7a47f,0x77e7a596,2912)
(call:0x77e761aa,0xbb102f,2912)
(call:0x77e768fa,0xbb103b,2912)
(call:0x77e7a6f0,0xbb1046,2912)
(call:0x1003134,0x77d43a50,2912)
(call:0x1001c51,0x77d799bb,2912)
(call:0x1001b9a,0x7d07fe,2912)
(call:0x1003134,0x77d43a50,2912)
(call:0x1003134,0x77d43a50,2912)
(call:0x77e7a47f,0x77e7a596,2912)
(call:0x77e761aa,0xbb102f,2912)
(call:0x77e768fa,0xbb103b,2912)
(call:0x77e7a6f0,0xbb1046,2912)
(call:0x1003134,0x77d43a50,2912)
(call:0x1001c51,0x77d799bb,2912)
(call:0x1001b9a,0x7d07fe,2912)
(call:0x1003134,0x77d43a50,2912)
(call:0x1003134,0x77d43a50,2912)
(call:0x77e7a47f,0x77e7a596,2912)
(call:0x77e761aa,0xbb102f,2912)
(call:0x77e768fa,0xbb103b,2912)
(call:0x77e7a6f0,0xbb1046,2912)
(call:0x1003134,0x77d43a50,2912)
(call:0x1001c51,0x77d799bb,2912)
(call:0x1001b9a,0x7d07fe,2912)
(call:0x1003134,0x77d43a50,2912)
(call:0x1003134,0x77d43a50,2912)
(call:0x77e7a47f,0x77e7a596,2912)
(call:0x77e761aa,0xbb102f,2912)
(call:0x77e768fa,0xbb103b,2912)
(call:0x77e7a6f0,0xbb1046,2912)
(call:0x1003134,0x77d43a50,2912)
(call:0x1001c51,0x77d799bb,2912)
(call:0x1001b9a,0x7d07fe,2912)
(call:0x1003134,0x77d43a50,2912)
(call:0x1003134,0x77d43a50,2912)
(call:0x77e7a47f,0x77e7a596,2912)
(call:0x77e761aa,0xbb102f,2912)
(call:0x77e768fa,0xbb103b,2912)
(call:0x77e7a6f0,0xbb1046,2912)
(call:0x1003134,0x77d43a50,2912)
(call:0x1001c51,0x77d799bb,2912)
(call:0x1001b9a,0x7d07fe,2912)
(call:0x1003134,0x77d43a50,2912)
(call:0x1003134,0x77d43a50,2912)
(call:0x77e7a47f,0x77e7a596,2912)
(call:0x77e761aa,0xbb102f,2912)
(call:0x77e768fa,0xbb103b,2912)
(call:0x77e7a6f0,0xbb1046,2912)
(call:0x1003134,0x77d43a50,2912)
(call:0x1001c51,0x77d799bb,2912)
(call:0x1001b9a,0x7d07fe,2912)
(call:0x1003134,0x77d43a50,2912)
(call:0x1003134,0x77d43a50,2912)
(call:0x77e7a47f,0x77e7a596,2912)
(call:0x77e761aa,0xbb102f,2912)
(call:0x77e768fa,0xbb103b,2912)
(call:0x77e7a6f0,0xbb1046,2912)
(call:0x1003134,0x77d43a50,2912)
(call:0x1001c51,0x77d799bb,2912)
(call:0x1001b9a,0x7d07fe,2912)
(call:0x1003134,0x77d43a50,2912)
(call:0x1003134,0x77d43a50,2912)
(call:0x77e7a47f,0x77e7a596,2912)
(call:0x77e761aa,0xbb102f,2912)
(call:0x77e768fa,0xbb103b,2912)
(call:0x77e7a6f0,0xbb1046,2912)
(call:0x1003134,0x77d43a50,2912)
(call:0x1001c51,0x77d799bb,2912)
(call:0x1001b9a,0x7d07fe,2912)
(call:0x1003134,0x77d43a50,2912)
(call:0x1003134,0x77d43a50,2912)
(call:0x77e7a47f,0x77e7a596,2912)
(call:0x77e761aa,0xbb102f,2912)
(call:0x77e768fa,0xbb103b,2912)
(call:0x77e7a6f0,0xbb1046,2912)
(call:0x1003134,0x77d43a50,2912)
(call:0x1001c51,0x77d799bb,2912)
(call:0x1001b9a,0x7d07fe,2912)
(call:0x1003134,0x77d43a50,2912)
(call:0x1003134,0x77d43a50,2912)
(call:0x77e7a47f,0x77e7a596,2912)
(call:0x77e761aa,0xbb102f,2912)
(call:0x77e768fa,0xbb103b,2912)
(call:0x77e7a6f0,0xbb1046,2912)
(call:0x1003134,0x77d43a50,2912)
(call:0x1001c51,0x77d799bb,2912)
(call:0x1001b9a,0x7d07fe,2912)
(call:0x1003134,0x77d43a50,2912)
(call:0x1003134,0x77d43a50,2912)
(call:0x77e7a47f,0x77e7a596,2912)
(call:0x77e761aa,0xbb102f,2912)
(call:0x77e768fa,0xbb103b,2912)
(call:0x77e7a6f0,0xbb1046,2912)
(call:0x1003134,0x77d43a50,2912)
(call:0x1001c51,0x77d799bb,2912)
(call:0x1001b9a,0x7d07fe,2912)
(call:0x1003134,0x77d43a50,2912)
(call:0x1003134,0x77d43a50,2912)
(call:0x77e7a47f,0x77e7a596,2912)
(call:0x77e761aa,0xbb102f,2912)
(call:0x77e768fa,0xbb103b,2912)
(call:0x77e7a6f0,0xbb1046,2912)
(call:0x1003134,0x77d43a50,2912)
(call:0x1001c51,0x77d799bb,2912)
(call:0x1001b9a,0x7d07fe,2912)
(call:0x77e7a47f,0x77e7a596,2912)
(call:0x77e761aa,0xbb102f,2912)
(call:0x77e768fa,0xbb103b,2912)
(call:0x77e7a6f0,0xbb1046,2912)
(call:0x1003134,0x77d43a50,2912)
(call:0x1003134,0x77d43a50,2912)
(call:0x77e7a47f,0x77e7a596,2912)
(call:0x77e761aa,0xbb102f,2912)
(call:0x77e768fa,0xbb103b,2912)
(call:0x77e7a6f0,0xbb1046,2912)
(call:0x1003134,0x77d43a50,2912)
(call:0x1003720,0x100329a,2912)
(call:0x100363e,0x1003755,2912)
(call:0x100363e,0x1003768,2912)
(call:0x100363e,0x100377b,2912)
(call:0x100363e,0x1003790,2912)
(call:0x100363e,0x10037a5,2912)
(call:0x100363e,0x10037ba,2912)
(call:0x100363e,0x10037cf,2912)
(call:0x100363e,0x10037e4,2912)
(call:0x100363e,0x10037f9,2912)
(call:0x100363e,0x100380e,2912)
(call:0x100363e,0x1003823,2912)
(call:0x100363e,0x1003836,2912)
(call:0x100363e,0x1003849,2912)
(call:0x100363e,0x100385c,2912)
(call:0x100363e,0x100386f,2912)
(call:0x100365a,0x1003881,2912)
(call:0x77e7e197,0x7d0bf1,2912)
(call:0x100365a,0x1003893,2912)
(call:0x77e7e197,0x7d0bf1,2912)
(call:0x100365a,0x10038a5,2912)
(call:0x77e7e197,0x7d0bf1,2912)
(call:0x100363e,0x10038b8,2912)
(call:0x100363e,0x10038cb,2912)
(call:0x100363e,0x10038de,2912)
(call:0x100363e,0x10038f1,2912)
(call:0x100363e,0x1003904,2912)
(call:0x100363e,0x100392f,2912)
(call:0x100363e,0x100393f,2912)
(call:0x100363e,0x1003953,2912)
(call:0x100363e,0x1003967,2912)
(call:0x10025fd,0x10032a2,2912)
(call:0x77e7a47f,0x77e7a596,2912)
(call:0x77e761aa,0xbb102f,2912)
(call:0x77e768fa,0xbb103b,2912)
(call:0x77e7a6f0,0xbb1046,2912)
(call:0x1003134,0x77d43a50,2912)
(call:0x77e7a47f,0x77e7a596,2912)
(call:0x77e761aa,0xbb102f,2912)
(call:0x77e768fa,0xbb103b,2912)
(call:0x77e7a6f0,0xbb1046,2912)
(call:0x77e7a47f,0x77e7a596,2912)
(call:0x77e761aa,0xbb102f,2912)
(call:0x77e768fa,0xbb103b,2912)
(call:0x77e7a6f0,0xbb1046,2912)
(call:0x77e7a47f,0x77e7a596,2912)
(call:0x77e761aa,0xbb102f,2912)
(call:0x77e768fa,0xbb103b,2912)
(call:0x77e7a6f0,0xbb1046,2912)
(call:0x77e7a47f,0x77e7a596,2912)
(call:0x77e761aa,0xbb102f,2912)
(call:0x77e768fa,0xbb103b,2912)
(call:0x77e7a6f0,0xbb1046,2912)
(call:0x77e7a47f,0x77e7a596,2912)
(call:0x77e761aa,0xbb102f,2912)
(call:0x77e768fa,0xb